software
abc
xyz1.txt
xyz2.txt
xyz3.txt
xyz4.txt
carbon.txt
project.txt
lesson1.txt
webserver_install.txt
lesson_9_with_answers.txt
lesson_2.txt
lesson1_lesson2_class_work.txt
lesson11.txt.old
lesson_11.txt
iptables_exercise.txt
week1.txt
sed_question_151.txt
lesson_6.txt
commands_week1.txt.old
exclude_tar_files.txt
extra_test_questions.txt
lesson_15_with_answers.txt
sha512_week3_mini_project_with_answers.txt
commands_week2.txt
abc.txt
lesson_10_with_answers.txt
class_assignment_week1_answers.txt
commands_week3.txt
lesson_5.txt
suid_files_May26.txt
suid_files_May27.txt
How_to_install_apache.txt
week4.txt
week3_mini_project.txt.old
lesson1_with_answers.txt
edited_Software_list.txt
software_list.txt.no_apache
software_list2.txt
week3_mini_project.txt
crontab.txt
rsync_scp_commands.txt
lesson_9.txt
week2.txt
lesson11_with_answers.txt
week3.txt
lesson_13.txt
corrupting_a_ext4_and_xfs_filesystems.txt
software_list.txt.old
software_list.txty
lesson_2_with_answers.txt
git_token.txt
lesson_5_with_answers.txt
question_77.txt
lesson_3_with_answers.txt
lesson_10.txt
lesson_4.txt
lesson_8.txt
lesson_15.txt
installing_ansible.txt
xyz.txt
lesson_8_with_answers.txt
lesson_6_with_answers.txt
lesson_13_with_answers.txt
lesson_3.txt
week3_mini_project_with_answers.txt.old
lesson_12.txt
week3_mini_project_with_answers.txt
lesson_4_with_answers.txt
lesson_12_with_answers.txt
cpu_Question_127.txt
student_txt.tar.gz
lesson5_review.txt
project_2.txt
lesson_7_with_answers.txt
class_assignment_week1.txt
lesson_7.txt
commands_week1.txt
